  citizen.cpp
  CitizenArr.cpp
C:\Users\shaya\source\repos\ProjectKeren\ProjectKeren\CitizenArr.cpp(63,23): warning C4018: '<': signed/unsigned mismatch
C:\Users\shaya\source\repos\ProjectKeren\ProjectKeren\CitizenArr.cpp(76,23): warning C4018: '<': signed/unsigned mismatch
C:\Users\shaya\source\repos\ProjectKeren\ProjectKeren\CitizenArr.cpp(104,23): warning C4018: '<': signed/unsigned mismatch
C:\Users\shaya\source\repos\ProjectKeren\ProjectKeren\CitizenArr.cpp(112,23): warning C4018: '<': signed/unsigned mismatch
  County.cpp
  CountyArr.cpp
  DividedCounty.cpp
  Election.cpp
  main.cpp
C:\Users\shaya\source\repos\ProjectKeren\ProjectKeren\main.cpp(353,10): warning C4101: 'isInputValid': unreferenced local variable
  Party.cpp
  PartyArr.cpp
  PtrCitizenArray.cpp
  RegularElection.cpp
  SimpleElection.cpp
  UnifiedCounty.cpp
  Generating Code...
  ProjectKeren.vcxproj -> C:\Users\shaya\source\repos\ProjectKeren\Debug\ProjectKeren.exe
